<?xml version="1.0" encoding="UTF-8"?>
<testng-results ignored="0" total="1" passed="1" failed="0" skipped="0">
  <reporter-output>
  </reporter-output>
  <suite started-at="2021-11-04T11:52:53 CDT" name="Default suite" finished-at="2021-11-04T11:53:05 CDT" duration-ms="11748">
    <groups>
    </groups>
    <test started-at="2021-11-04T11:52:53 CDT" name="Default test" finished-at="2021-11-04T11:53:05 CDT" duration-ms="11748">
      <class name="reportsMaven.ExtentReports.PracticeReports">
        <test-method is-config="true" signature="reportMethod()[pri:0, instance:reportsMaven.ExtentReports.PracticeReports@48f278eb]" started-at="2021-11-04T11:52:53 CDT" name="reportMethod" finished-at="2021-11-04T11:52:54 CDT" duration-ms="179" status="PASS">
          <reporter-output>
          </reporter-output>
        </test-method> <!-- reportMethod -->
        <test-method signature="visitPage()[pri:0, instance:reportsMaven.ExtentReports.PracticeReports@48f278eb]" started-at="2021-11-04T11:52:54 CDT" name="visitPage" finished-at="2021-11-04T11:53:05 CDT" duration-ms="11548" status="PASS">
          <reporter-output>
          </reporter-output>
        </test-method> <!-- visitPage -->
      </class> <!-- reportsMaven.ExtentReports.PracticeReports -->
    </test> <!-- Default test -->
  </suite> <!-- Default suite -->
</testng-results>
